<?xml version="1.0" encoding="UTF-8"?>
<!-- Generated by org.testng.reporters.JUnitXMLReporter -->
<testsuite hostname="Betuls-Air.attlocal.net" ignored="7" name="Smoke Test" tests="2" failures="2" timestamp="16 Jun 2019 20:01:57 GMT" time="9.21" errors="0">
  <testcase name="doLogin" time="4.428" classname="com.syntax.testcases.LoginPageTest">
    <failure type="java.lang.AssertionError">
      <![CDATA[java.lang.AssertionError: 
at com.syntax.testcases.LoginPageTest.doLogin(LoginPageTest.java:46)
... Removed 32 stack frames]]>
    </failure>
  </testcase> <!-- doLogin -->
  <testcase name="doLogin" time="8.461" classname="com.syntax.testcases.LoginPageTest">
    <failure type="java.lang.NullPointerException">
      <![CDATA[java.lang.NullPointerException
at com.syntax.utils.CommonMethods.takeScreenshot(CommonMethods.java:181)
at com.syntax.utils.Listeners.onTestFailure(Listeners.java:29)
... Removed 26 stack frames]]>
    </failure>
  </testcase> <!-- doLogin -->
  <testcase name="addPerson" time="0.0" classname="com.syntax.testcases.AddLocation">
    <ignored/>
  </testcase> <!-- addPerson -->
  <testcase name="negativeLogin" time="0.0" classname="com.syntax.testcases.LoginPageTest">
    <ignored/>
  </testcase> <!-- negativeLogin -->
  <testcase name="@BeforeTest generateReport" time="0.0" classname="com.syntax.utils.BaseClass">
    <ignored/>
  </testcase> <!-- @BeforeTest generateReport -->
  <testcase name="@BeforeTest generateReport" time="0.0" classname="com.syntax.utils.BaseClass">
    <ignored/>
  </testcase> <!-- @BeforeTest generateReport -->
  <testcase name="@AfterTest flushReport" time="0.0" classname="com.syntax.utils.BaseClass">
    <ignored/>
  </testcase> <!-- @AfterTest flushReport -->
  <testcase name="@AfterTest flushReport" time="0.0" classname="com.syntax.utils.BaseClass">
    <ignored/>
  </testcase> <!-- @AfterTest flushReport -->
  <testcase name="addEmployee" time="0.0" classname="com.syntax.testcases.AddEmployeeTest">
    <ignored/>
  </testcase> <!-- addEmployee -->
</testsuite> <!-- Smoke Test -->
